execve("./empty", ["./empty"], 0xfffff42c8560 /* 64 vars */) = 0
brk(NULL)                               = 0xb6956dce5000
mmap(NULL, 8192, PROT_READ|PROT_WRITE, MAP_PRIVATE|MAP_ANONYMOUS, -1, 0) = 0xe5a8119b8000
faccessat(AT_FDCWD, "/etc/ld.so.preload", R_OK) = -1 ENOENT (No such file or directory)
openat(AT_FDCWD, "/etc/ld.so.cache", O_RDONLY|O_CLOEXEC) = 3
fstat(3, {st_mode=S_IFREG|0644, st_size=59963, ...}) = 0
mmap(NULL, 59963, PROT_READ, MAP_PRIVATE, 3, 0) = 0xe5a8119a9000
close(3)                                = 0
openat(AT_FDCWD, "/lib/aarch64-linux-gnu/libc.so.6", O_RDONLY|O_CLOEXEC) = 3
read(3, "\177ELF\2\1\1\3\0\0\0\0\0\0\0\0\3\0\267\0\1\0\0\0(%\2\0\0\0\0\0"..., 832) = 832
fstat(3, {st_mode=S_IFREG|0755, st_size=1788680, ...}) = 0
mmap(NULL, 1957936, PROT_NONE, MAP_PRIVATE|MAP_ANONYMOUS|MAP_DENYWRITE, -1, 0) = 0xe5a8117a1000
mmap(0xe5a8117b0000, 1892400, PROT_READ|PROT_EXEC, MAP_PRIVATE|MAP_FIXED|MAP_DENYWRITE, 3, 0) = 0xe5a8117b0000
munmap(0xe5a8117a1000, 61440)           = 0
munmap(0xe5a81197f000, 48)              = 0
mprotect(0xe5a81195a000, 77824, PROT_NONE) = 0
mmap(0xe5a81196d000, 20480, PROT_READ|PROT_WRITE, MAP_PRIVATE|MAP_FIXED|MAP_DENYWRITE, 3, 0x1ad000) = 0xe5a81196d000
mmap(0xe5a811972000, 49200, PROT_READ|PROT_WRITE, MAP_PRIVATE|MAP_FIXED|MAP_ANONYMOUS, -1, 0) = 0xe5a811972000
close(3)                                = 0
set_tid_address(0xe5a8119b8fd0)         = 6619
set_robust_list(0xe5a8119b8fe0, 24)     = 0
rseq(0xe5a8119b96c0, 0x20, 0, 0xd428bc00) = 0
mprotect(0xe5a81196d000, 12288, PROT_READ) = 0
mprotect(0xb6955e18f000, 4096, PROT_READ) = 0
mprotect(0xe5a8119be000, 8192, PROT_READ) = 0
prlimit64(0, RLIMIT_STACK, NULL, {rlim_cur=8192*1024, rlim_max=RLIM64_INFINITY}) = 0
munmap(0xe5a8119a9000, 59963)           = 0
exit_group(0)                           = ?
+++ exited with 0 +++
